Arguments: 
  C:\Program Files\nodejs\node.exe C:\Program Files (x86)\Yarn\bin\yarn.js add --dev @babel/core @babel/preset-env @babel-preset-react @babel/plugin-syntax-dynamic-import @babel/plugin-proposal-object-rest-spread

PATH: 
  C:\Program Files\Git\mingw64\bin;C:\Program Files\Git\usr\bin;C:\Users\adam.howard\bin;C:\Program Files\Git\mingw64\bin;C:\Program Files\Git\usr\bin;C:\Users\adam.howard\bin;C:\Windows\system32;C:\Windows;C:\Windows\System32\Wbem;C:\Windows\System32\WindowsPowerShell\v1.0;C:\Windows\System32\OpenSSH;C:\Program Files (x86)\NVIDIA Corporation\PhysX\Common;C:\Program Files\nodejs;C:\Program Files (x86)\Yarn\bin;C:\WINDOWS\system32;C:\WINDOWS;C:\WINDOWS\System32\Wbem;C:\WINDOWS\System32\WindowsPowerShell\v1.0;C:\WINDOWS\System32\OpenSSH;C:\Program Files (x86)\Intel\Intel(R) Management Engine Components\DAL;C:\Program Files\Intel\Intel(R) Management Engine Components\DAL;C:\Program Files\NVIDIA Corporation\NVIDIA NvDLISR;C:\Program Files\Microsoft SQL Server\130\Tools\Binn;C:\Program Files\Git\cmd;C:\Program Files\dotnet;C:\Program Files\Microsoft SQL Server\Client SDK\ODBC\170\Tools\Binn;C:\Ruby26-x64\bin;C:\Users\adam.howard\AppData\Local\Microsoft\WindowsApps;C:\Users\adam.howard\AppData\Roaming\npm;C:\Users\adam.howard\AppData\Local\Programs\Microsoft VS Code\bin;C:\Users\adam.howard\AppData\Local\Yarn\bin;C:\src\flutter\bin;C:\Users\adam.howard\.dotnet\tools

Yarn version: 
  1.19.0

Node version: 
  10.16.3

Platform: 
  win32 x64

Trace: 
  Error: https://registry.npmjs.org/@babel-preset-react: Request "https://registry.npmjs.org/@babel-preset-react" returned a 405
      at Request.params.callback [as _callback] (C:\Program Files (x86)\Yarn\lib\cli.js:66036:18)
      at Request.self.callback (C:\Program Files (x86)\Yarn\lib\cli.js:140539:22)
      at Request.emit (events.js:198:13)
      at Request.<anonymous> (C:\Program Files (x86)\Yarn\lib\cli.js:141511:10)
      at Request.emit (events.js:198:13)
      at IncomingMessage.<anonymous> (C:\Program Files (x86)\Yarn\lib\cli.js:141433:12)
      at Object.onceWrapper (events.js:286:20)
      at IncomingMessage.emit (events.js:203:15)
      at endReadableNT (_stream_readable.js:1145:12)
      at process._tickCallback (internal/process/next_tick.js:63:19)

npm manifest: 
  {
    "name": "single-page-app-poc",
    "version": "1.0.0",
    "description": "Single page app proof of concept for housing multiple applications within a single domain",
    "main": "index.js",
    "author": "Adam Howard",
    "license": "MIT",
    "private": true,
    "dependencies": {
      "single-spa": "^4.4.2"
    }
  }

yarn manifest: 
  No manifest

Lockfile: 
  # THIS IS AN AUTOGENERATED FILE. DO NOT EDIT THIS FILE DIRECTLY.
  # yarn lockfile v1
  
  
  single-spa@^4.4.2:
    version "4.4.2"
    resolved "https://registry.yarnpkg.com/single-spa/-/single-spa-4.4.2.tgz#e1714d7baf15f2594bdc3d88ac8c24e62181a3be"
    integrity sha512-p71heP0VPbocMHQnq5m02CRp/nOksb55nGrfaw8x1UVtJsryOGKE9PewtTC5fcSFAP790EKHKE1WmEq5VEfUgw==
